<?xml version="1.0" encoding="UTF-8"?>
<testsuite name="com.bridgaLabz.EmployeePayrollServiceTest" tests="1" skipped="0" failures="1" errors="0" timestamp="2021-05-14T19:32:39" hostname="RAKESH" time="1.803">
  <properties/>
  <testcase name="given6Employee_WhenAddedToDB_ShouldMatchEmployeeEntries()" classname="com.bridgaLabz.EmployeePayrollServiceTest" time="1.803">
    <failure message="org.opentest4j.AssertionFailedError: expected: &lt;13&gt; but was: &lt;7&gt;" type="org.opentest4j.AssertionFailedError">org.opentest4j.AssertionFailedError: expected: &lt;13&gt; but was: &lt;7&gt;
	at org.junit.jupiter.api.AssertionUtils.fail(AssertionUtils.java:55)
	at org.junit.jupiter.api.AssertionUtils.failNotEqual(AssertionUtils.java:62)
	at org.junit.jupiter.api.AssertEquals.assertEquals(AssertEquals.java:166)
	at org.junit.jupiter.api.AssertEquals.assertEquals(AssertEquals.java:161)
	at org.junit.jupiter.api.Assertions.assertEquals(Assertions.java:611)
	at com.bridgaLabz.EmployeePayrollServiceTest.given6Employee_WhenAddedToDB_ShouldMatchEmployeeEntries(EmployeePayrollServiceTest.java:100)
	at java.base/jdk.internal.reflect.NativeMethodAccessorImpl.invoke0(Native Method)
	at java.base/jdk.internal.reflect.NativeMethodAccessorImpl.invoke(NativeMethodAccessorImpl.java:64)
	at java.base/jdk.internal.reflect.DelegatingMethodAccessorImpl.invoke(DelegatingMethodAccessorImpl.java:43)
	at java.base/java.lang.reflect.Method.invoke(Method.java:564)
	at org.junit.platform.commons.util.ReflectionUtils.invokeMethod(ReflectionUtils.java:686)
	at org.junit.jupiter.engine.execution.MethodInvocation.proceed(MethodInvocation.java:60)
	at org.junit.jupiter.engine.execution.InvocationInterceptorChain$ValidatingInvocation.proceed(InvocationInterceptorChain.java:131)
	at org.junit.jupiter.engine.extension.TimeoutExtension.intercept(TimeoutExtension.java:149)
	at org.junit.jupiter.engine.extension.TimeoutExtension.interceptTestableMethod(TimeoutExtension.java:140)
	at org.junit.jupiter.engine.extension.TimeoutExtension.interceptTestMethod(TimeoutExtension.java:84)
	at org.junit.jupiter.engine.execution.ExecutableInvoker$ReflectiveInterceptorCall.lambda$ofVoidMethod$0(ExecutableInvoker.java:115)
	at org.junit.jupiter.engine.execution.ExecutableInvoker.lambda$invoke$0(ExecutableInvoker.java:105)
	at org.junit.jupiter.engine.execution.InvocationInterceptorChain$InterceptedInvocation.proceed(InvocationInterceptorChain.java:106)
	at org.junit.jupiter.engine.execution.InvocationInterceptorChain.proceed(InvocationInterceptorChain.java:64)
	at org.junit.jupiter.engine.execution.InvocationInterceptorChain.chainAndInvoke(InvocationInterceptorChain.java:45)
	at org.junit.jupiter.engine.execution.InvocationInterceptorChain.invoke(InvocationInterceptorChain.java:37)
	at org.junit.jupiter.engine.execution.ExecutableInvoker.invoke(ExecutableInvoker.java:104)
	at org.junit.jupiter.engine.execution.ExecutableInvoker.invoke(ExecutableInvoker.java:98)
	at org.junit.jupiter.engine.descriptor.TestMethodTestDescriptor.lambda$invokeTestMethod$6(TestMethodTestDescriptor.java:205)
	at org.junit.platform.engine.support.hierarchical.ThrowableCollector.execute(ThrowableCollector.java:73)
	at org.junit.jupiter.engine.descriptor.TestMethodTestDescriptor.invokeTestMethod(TestMethodTestDescriptor.java:201)
	at org.junit.jupiter.engine.descriptor.TestMethodTestDescriptor.execute(TestMethodTestDescriptor.java:137)
	at org.junit.jupiter.engine.descriptor.TestMethodTestDescriptor.execute(TestMethodTestDescriptor.java:71)
	at org.junit.platform.engine.support.hierarchical.NodeTestTask.lambda$executeRecursively$5(NodeTestTask.java:135)
	at org.junit.platform.engine.support.hierarchical.ThrowableCollector.execute(ThrowableCollector.java:73)
	at org.junit.platform.engine.support.hierarchical.NodeTestTask.lambda$executeRecursively$7(NodeTestTask.java:125)
	at org.junit.platform.engine.support.hierarchical.Node.around(Node.java:135)
	at org.junit.platform.engine.support.hierarchical.NodeTestTask.lambda$executeRecursively$8(NodeTestTask.java:123)
	at org.junit.platform.engine.support.hierarchical.ThrowableCollector.execute(ThrowableCollector.java:73)
	at org.junit.platform.engine.support.hierarchical.NodeTestTask.executeRecursively(NodeTestTask.java:122)
	at org.junit.platform.engine.support.hierarchical.NodeTestTask.execute(NodeTestTask.java:80)
	at java.base/java.util.ArrayList.forEach(ArrayList.java:1511)
	at org.junit.platform.engine.support.hierarchical.SameThreadHierarchicalTestExecutorService.invokeAll(SameThreadHierarchicalTestExecutorService.java:38)
	at org.junit.platform.engine.support.hierarchical.NodeTestTask.lambda$executeRecursively$5(NodeTestTask.java:139)
	at org.junit.platform.engine.support.hierarchical.ThrowableCollector.execute(ThrowableCollector.java:73)
	at org.junit.platform.engine.support.hierarchical.NodeTestTask.lambda$executeRecursively$7(NodeTestTask.java:125)
	at org.junit.platform.engine.support.hierarchical.Node.around(Node.java:135)
	at org.junit.platform.engine.support.hierarchical.NodeTestTask.lambda$executeRecursively$8(NodeTestTask.java:123)
	at org.junit.platform.engine.support.hierarchical.ThrowableCollector.execute(ThrowableCollector.java:73)
	at org.junit.platform.engine.support.hierarchical.NodeTestTask.executeRecursively(NodeTestTask.java:122)
	at org.junit.platform.engine.support.hierarchical.NodeTestTask.execute(NodeTestTask.java:80)
	at java.base/java.util.ArrayList.forEach(ArrayList.java:1511)
	at org.junit.platform.engine.support.hierarchical.SameThreadHierarchicalTestExecutorService.invokeAll(SameThreadHierarchicalTestExecutorService.java:38)
	at org.junit.platform.engine.support.hierarchical.NodeTestTask.lambda$executeRecursively$5(NodeTestTask.java:139)
	at org.junit.platform.engine.support.hierarchical.ThrowableCollector.execute(ThrowableCollector.java:73)
	at org.junit.platform.engine.support.hierarchical.NodeTestTask.lambda$executeRecursively$7(NodeTestTask.java:125)
	at org.junit.platform.engine.support.hierarchical.Node.around(Node.java:135)
	at org.junit.platform.engine.support.hierarchical.NodeTestTask.lambda$executeRecursively$8(NodeTestTask.java:123)
	at org.junit.platform.engine.support.hierarchical.ThrowableCollector.execute(ThrowableCollector.java:73)
	at org.junit.platform.engine.support.hierarchical.NodeTestTask.executeRecursively(NodeTestTask.java:122)
	at org.junit.platform.engine.support.hierarchical.NodeTestTask.execute(NodeTestTask.java:80)
	at org.junit.platform.engine.support.hierarchical.SameThreadHierarchicalTestExecutorService.submit(SameThreadHierarchicalTestExecutorService.java:32)
	at org.junit.platform.engine.support.hierarchical.HierarchicalTestExecutor.execute(HierarchicalTestExecutor.java:57)
	at org.junit.platform.engine.support.hierarchical.HierarchicalTestEngine.execute(HierarchicalTestEngine.java:51)
	at org.junit.platform.launcher.core.DefaultLauncher.execute(DefaultLauncher.java:248)
	at org.junit.platform.launcher.core.DefaultLauncher.lambda$execute$5(DefaultLauncher.java:211)
	at org.junit.platform.launcher.core.DefaultLauncher.withInterceptedStreams(DefaultLauncher.java:226)
	at org.junit.platform.launcher.core.DefaultLauncher.execute(DefaultLauncher.java:199)
	at org.junit.platform.launcher.core.DefaultLauncher.execute(DefaultLauncher.java:132)
	at org.gradle.api.internal.tasks.testing.junitplatform.JUnitPlatformTestClassProcessor$CollectAllTestClassesExecutor.processAllTestClasses(JUnitPlatformTestClassProcessor.java:99)
	at org.gradle.api.internal.tasks.testing.junitplatform.JUnitPlatformTestClassProcessor$CollectAllTestClassesExecutor.access$000(JUnitPlatformTestClassProcessor.java:79)
	at org.gradle.api.internal.tasks.testing.junitplatform.JUnitPlatformTestClassProcessor.stop(JUnitPlatformTestClassProcessor.java:75)
	at org.gradle.api.internal.tasks.testing.SuiteTestClassProcessor.stop(SuiteTestClassProcessor.java:61)
	at java.base/jdk.internal.reflect.NativeMethodAccessorImpl.invoke0(Native Method)
	at java.base/jdk.internal.reflect.NativeMethodAccessorImpl.invoke(NativeMethodAccessorImpl.java:64)
	at java.base/jdk.internal.reflect.DelegatingMethodAccessorImpl.invoke(DelegatingMethodAccessorImpl.java:43)
	at java.base/java.lang.reflect.Method.invoke(Method.java:564)
	at org.gradle.internal.dispatch.ReflectionDispatch.dispatch(ReflectionDispatch.java:36)
	at org.gradle.internal.dispatch.ReflectionDispatch.dispatch(ReflectionDispatch.java:24)
	at org.gradle.internal.dispatch.ContextClassLoaderDispatch.dispatch(ContextClassLoaderDispatch.java:33)
	at org.gradle.internal.dispatch.ProxyDispatchAdapter$DispatchingInvocationHandler.invoke(ProxyDispatchAdapter.java:94)
	at com.sun.proxy.$Proxy2.stop(Unknown Source)
	at org.gradle.api.internal.tasks.testing.worker.TestWorker.stop(TestWorker.java:133)
	at java.base/jdk.internal.reflect.NativeMethodAccessorImpl.invoke0(Native Method)
	at java.base/jdk.internal.reflect.NativeMethodAccessorImpl.invoke(NativeMethodAccessorImpl.java:64)
	at java.base/jdk.internal.reflect.DelegatingMethodAccessorImpl.invoke(DelegatingMethodAccessorImpl.java:43)
	at java.base/java.lang.reflect.Method.invoke(Method.java:564)
	at org.gradle.internal.dispatch.ReflectionDispatch.dispatch(ReflectionDispatch.java:36)
	at org.gradle.internal.dispatch.ReflectionDispatch.dispatch(ReflectionDispatch.java:24)
	at org.gradle.internal.remote.internal.hub.MessageHubBackedObjectConnection$DispatchWrapper.dispatch(MessageHubBackedObjectConnection.java:182)
	at org.gradle.internal.remote.internal.hub.MessageHubBackedObjectConnection$DispatchWrapper.dispatch(MessageHubBackedObjectConnection.java:164)
	at org.gradle.internal.remote.internal.hub.MessageHub$Handler.run(MessageHub.java:414)
	at org.gradle.internal.concurrent.ExecutorPolicy$CatchAndRecordFailures.onExecute(ExecutorPolicy.java:64)
	at org.gradle.internal.concurrent.ManagedExecutorImpl$1.run(ManagedExecutorImpl.java:48)
	at java.base/java.util.concurrent.ThreadPoolExecutor.runWorker(ThreadPoolExecutor.java:1130)
	at java.base/java.util.concurrent.ThreadPoolExecutor$Worker.run(ThreadPoolExecutor.java:630)
	at org.gradle.internal.concurrent.ThreadFactoryImpl$ManagedThreadRunnable.run(ThreadFactoryImpl.java:56)
	at java.base/java.lang.Thread.run(Thread.java:832)
</failure>
  </testcase>
  <system-out><![CDATA[Processing Thread :Test workerConnecting to database with Id --> jdbc:mysql://localhost:3306/payroll_service?useSSL=false
Processing Thread :Test worker Id: 1Connection is Successfull.....!com.mysql.jdbc.JDBC4Connection@12aa8c67
Employee being Added = Jeff Bezos
Processing Thread :Test workerConnecting to database with Id --> jdbc:mysql://localhost:3306/payroll_service?useSSL=false
Processing Thread :Test worker Id: 2Connection is Successfull.....!com.mysql.jdbc.JDBC4Connection@3719a44d
Employee Added -> Jeff Bezos
Employee being Added = Bill Gates
Processing Thread :Test workerConnecting to database with Id --> jdbc:mysql://localhost:3306/payroll_service?useSSL=false
Processing Thread :Test worker Id: 3Connection is Successfull.....!com.mysql.jdbc.JDBC4Connection@652eb06e
Employee Added -> Bill Gates
Employee being Added = Mark Zuckerberg
Processing Thread :Test workerConnecting to database with Id --> jdbc:mysql://localhost:3306/payroll_service?useSSL=false
Processing Thread :Test worker Id: 4Connection is Successfull.....!com.mysql.jdbc.JDBC4Connection@13374359
Employee Added -> Mark Zuckerberg
Employee being Added = Sunder
Processing Thread :Test workerConnecting to database with Id --> jdbc:mysql://localhost:3306/payroll_service?useSSL=false
Processing Thread :Test worker Id: 5Connection is Successfull.....!com.mysql.jdbc.JDBC4Connection@46a81901
Employee Added -> Sunder
Employee being Added = Mukesh
Processing Thread :Test workerConnecting to database with Id --> jdbc:mysql://localhost:3306/payroll_service?useSSL=false
Processing Thread :Test worker Id: 6Connection is Successfull.....!com.mysql.jdbc.JDBC4Connection@800afff
Employee Added -> Mukesh
Employee being Added = Anil
Processing Thread :Test workerConnecting to database with Id --> jdbc:mysql://localhost:3306/payroll_service?useSSL=false
Processing Thread :Test worker Id: 7Connection is Successfull.....!com.mysql.jdbc.JDBC4Connection@328fe687
Employee Added -> Anil
[Emp ID:4, Emp name:Mark, Salary:5000000.0, Emp ID:71, Emp name:Jeff Bezos, Salary:1000000.0, Emp ID:72, Emp name:Bill Gates, Salary:2000000.0, Emp ID:73, Emp name:Mark Zuckerberg, Salary:3000000.0, Emp ID:74, Emp name:Sunder, Salary:6000000.0, Emp ID:75, Emp name:Mukesh, Salary:1000000.0, Emp ID:76, Emp name:Anil, Salary:2000000.0]
Duration without Thread = PT1.3513748S
[Emp ID:0, Emp name:Jeff Bezos, Salary:1000000.0, Emp ID:0, Emp name:Bill Gates, Salary:2000000.0, Emp ID:0, Emp name:Mark Zuckerberg, Salary:3000000.0, Emp ID:0, Emp name:Sunder, Salary:6000000.0, Emp ID:0, Emp name:Mukesh, Salary:1000000.0, Emp ID:0, Emp name:Anil, Salary:2000000.0]
Duration with Thread = PT0.0069833S
Employee being Added = Bill Gates
Employee being Added = Mark Zuckerberg
Processing Thread :Bill GatesConnecting to database with Id --> jdbc:mysql://localhost:3306/payroll_service?useSSL=false
Processing Thread :Mark ZuckerbergConnecting to database with Id --> jdbc:mysql://localhost:3306/payroll_service?useSSL=false
Processing Thread :Bill Gates Id: 9Connection is Successfull.....!com.mysql.jdbc.JDBC4Connection@615c692
Processing Thread :Mark Zuckerberg Id: 9Connection is Successfull.....!com.mysql.jdbc.JDBC4Connection@1dc93be2
Employee being Added = Jeff Bezos
Processing Thread :Jeff BezosConnecting to database with Id --> jdbc:mysql://localhost:3306/payroll_service?useSSL=false
Employee being Added = Sunder
Processing Thread :SunderConnecting to database with Id --> jdbc:mysql://localhost:3306/payroll_service?useSSL=false
Employee being Added = Mukesh
Processing Thread :MukeshConnecting to database with Id --> jdbc:mysql://localhost:3306/payroll_service?useSSL=false
Processing Thread :Jeff Bezos Id: 12Connection is Successfull.....!com.mysql.jdbc.JDBC4Connection@2a6126da
Processing Thread :Mukesh Id: 12Connection is Successfull.....!com.mysql.jdbc.JDBC4Connection@51bb6a2c
]]></system-out>
  <system-err><![CDATA[]]></system-err>
</testsuite>
