<?xml version="1.0" encoding="UTF-8"?>
<testsuite name="com.bridgaLabz.EmployeePayrollServiceTest" tests="1" skipped="0" failures="0" errors="0" timestamp="2021-05-14T17:59:25" hostname="RAKESH" time="2.939">
  <properties/>
  <testcase name="given6Employee_WhenAddedToDB_ShouldMatchEmployeeEntries()" classname="com.bridgaLabz.EmployeePayrollServiceTest" time="2.939"/>
  <system-out><![CDATA[Connecting to database...!!!!    jdbc:mysql://localhost:3306/payroll_service?useSSL=false
Connection is Successfull.....!   com.mysql.jdbc.JDBC4Connection@5d18ef5a
Employee being Added = Jeff Bezos
Connecting to database...!!!!    jdbc:mysql://localhost:3306/payroll_service?useSSL=false
Connection is Successfull.....!   com.mysql.jdbc.JDBC4Connection@62b074e9
Employee Added -> Jeff Bezos
Employee being Added = Bill Gates
Connecting to database...!!!!    jdbc:mysql://localhost:3306/payroll_service?useSSL=false
Connection is Successfull.....!   com.mysql.jdbc.JDBC4Connection@1cce48bb
Employee Added -> Bill Gates
Employee being Added = Mark Zuckerberg
Connecting to database...!!!!    jdbc:mysql://localhost:3306/payroll_service?useSSL=false
Connection is Successfull.....!   com.mysql.jdbc.JDBC4Connection@13b39cb2
Employee Added -> Mark Zuckerberg
Employee being Added = Sunder
Connecting to database...!!!!    jdbc:mysql://localhost:3306/payroll_service?useSSL=false
Connection is Successfull.....!   com.mysql.jdbc.JDBC4Connection@5d1357d1
Employee Added -> Sunder
Employee being Added = Mukesh
Connecting to database...!!!!    jdbc:mysql://localhost:3306/payroll_service?useSSL=false
Connection is Successfull.....!   com.mysql.jdbc.JDBC4Connection@2b543001
Employee Added -> Mukesh
Employee being Added = Anil
Connecting to database...!!!!    jdbc:mysql://localhost:3306/payroll_service?useSSL=false
Connection is Successfull.....!   com.mysql.jdbc.JDBC4Connection@13147b08
Employee Added -> Anil
[Emp ID:4, Emp name:Mark, Salary:5000000.0, Emp ID:5, Emp name:Jeff Bezos, Salary:1000000.0, Emp ID:6, Emp name:Bill Gates, Salary:2000000.0, Emp ID:7, Emp name:Mark Zuckerberg, Salary:3000000.0, Emp ID:8, Emp name:Sunder, Salary:6000000.0, Emp ID:9, Emp name:Mukesh, Salary:1000000.0, Emp ID:10, Emp name:Anil, Salary:2000000.0]
Duration without Thread = PT1.7355089S
]]></system-out>
  <system-err><![CDATA[]]></system-err>
</testsuite>
